<?xml version="1.0" encoding="UTF-8"?>
<!-- Generated by org.testng.reporters.JUnitXMLReporter -->
<testsuite ignored="0" hostname="EVGEN-PC" failures="0" tests="5" name="Default test" time="31.174" errors="0" timestamp="2021-03-04T22:09:47 IST">
  <testcase classname="tests.SanityBuyProduct" name="searchProduct" time="4.49"/>
  <testcase classname="tests.SanityBuyProduct" name="getIntoProduct" time="3.405"/>
  <testcase classname="tests.SanityBuyProduct" name="EditProduct" time="0.133"/>
  <testcase classname="tests.SanityBuyProduct" name="AddtoCart" time="2.163"/>
  <testcase classname="tests.SanityBuyProduct" name="goToCart" time="3.151"/>
</testsuite> <!-- Default test -->
