<?xml version="1.0" encoding="UTF-8"?>
<testng-results skipped="0" failed="0" ignored="0" total="2" passed="2">
  <reporter-output>
  </reporter-output>
  <suite name="Default suite" duration-ms="71212" started-at="2021-03-02T18:49:10 IST" finished-at="2021-03-02T18:50:21 IST">
    <groups>
    </groups>
    <test name="Default test" duration-ms="71212" started-at="2021-03-02T18:49:10 IST" finished-at="2021-03-02T18:50:21 IST">
      <class name="tests.SanityBuyProduct">
        <test-method status="PASS" signature="beforeClass()[pri:0, instance:tests.SanityBuyProduct@6771beb3]" name="beforeClass" is-config="true" duration-ms="16869" started-at="2021-03-02T18:49:10 IST" finished-at="2021-03-02T18:49:27 IST">
          <reporter-output>
          </reporter-output>
        </test-method> <!-- beforeClass -->
        <test-method status="PASS" signature="beforeMethod(java.lang.reflect.Method)[pri:0, instance:tests.SanityBuyProduct@6771beb3]" name="beforeMethod" is-config="true" duration-ms="34" started-at="2021-03-02T18:49:27 IST" finished-at="2021-03-02T18:49:27 IST">
          <params>
            <param index="0">
              <value>
                <![CDATA[public void tests.SanityBuyProduct.searchProduct() throws java.lang.InterruptedException,java.io.IOException]]>
              </value>
            </param>
          </params>
          <reporter-output>
          </reporter-output>
        </test-method> <!-- beforeMethod -->
        <test-method status="PASS" signature="searchProduct()[pri:1, instance:tests.SanityBuyProduct@6771beb3]" name="searchProduct" duration-ms="11420" started-at="2021-03-02T18:49:27 IST" description="verify date" finished-at="2021-03-02T18:49:38 IST">
          <reporter-output>
          </reporter-output>
        </test-method> <!-- searchProduct -->
        <test-method status="PASS" signature="afterMethod(org.testng.ITestResult)[pri:0, instance:tests.SanityBuyProduct@6771beb3]" name="afterMethod" is-config="true" duration-ms="11719" started-at="2021-03-02T18:49:38 IST" finished-at="2021-03-02T18:49:50 IST">
          <params>
            <param index="0">
              <value>
                <![CDATA[[TestResult name=searchProduct status=SUCCESS method=SanityBuyProduct.searchProduct()[pri:1, instance:tests.SanityBuyProduct@6771beb3] output={null}]]]>
              </value>
            </param>
          </params>
          <reporter-output>
          </reporter-output>
        </test-method> <!-- afterMethod -->
        <test-method status="PASS" signature="beforeMethod(java.lang.reflect.Method)[pri:0, instance:tests.SanityBuyProduct@6771beb3]" name="beforeMethod" is-config="true" duration-ms="1" started-at="2021-03-02T18:49:50 IST" finished-at="2021-03-02T18:49:50 IST">
          <params>
            <param index="0">
              <value>
                <![CDATA[public void tests.SanityBuyProduct.getIntoProduct() throws java.lang.InterruptedException,java.io.IOException]]>
              </value>
            </param>
          </params>
          <reporter-output>
          </reporter-output>
        </test-method> <!-- beforeMethod -->
        <test-method status="PASS" signature="getIntoProduct()[pri:2, instance:tests.SanityBuyProduct@6771beb3]" name="getIntoProduct" duration-ms="27253" started-at="2021-03-02T18:49:50 IST" description="verify date" finished-at="2021-03-02T18:50:17 IST">
          <reporter-output>
          </reporter-output>
        </test-method> <!-- getIntoProduct -->
        <test-method status="PASS" signature="afterMethod(org.testng.ITestResult)[pri:0, instance:tests.SanityBuyProduct@6771beb3]" name="afterMethod" is-config="true" duration-ms="1046" started-at="2021-03-02T18:50:17 IST" finished-at="2021-03-02T18:50:18 IST">
          <params>
            <param index="0">
              <value>
                <![CDATA[[TestResult name=getIntoProduct status=SUCCESS method=SanityBuyProduct.getIntoProduct()[pri:2, instance:tests.SanityBuyProduct@6771beb3] output={null}]]]>
              </value>
            </param>
          </params>
          <reporter-output>
          </reporter-output>
        </test-method> <!-- afterMethod -->
        <test-method status="PASS" signature="afterClass()[pri:0, instance:tests.SanityBuyProduct@6771beb3]" name="afterClass" is-config="true" duration-ms="2697" started-at="2021-03-02T18:50:18 IST" finished-at="2021-03-02T18:50:21 IST">
          <reporter-output>
          </reporter-output>
        </test-method> <!-- afterClass -->
      </class> <!-- tests.SanityBuyProduct -->
    </test> <!-- Default test -->
  </suite> <!-- Default suite -->
</testng-results>
